<?xml version="1.0" encoding="UTF-8"?>
<Site BuildName="(empty)"
	BuildStamp="20260705-1450-Experimental"
	Name="(empty)"
	Generator="ctest-4.3.2"
	CompilerName=""
	CompilerVersion=""
	OSName="Windows"
	Hostname="DESKTOP-A8CUAEO"
	OSRelease="10.0.22621"
	OSVersion="Windows 10"
	OSPlatform="AMD64"
	Is64Bits="1"
	VendorString=""
	VendorID="Unknown Manufacturer"
	FamilyID="0"
	ModelID="0"
	ModelName=""
	ProcessorCacheSize="0"
	NumberOfLogicalCPU="12"
	NumberOfPhysicalCPU="6"
	TotalVirtualMemory="3840"
	TotalPhysicalMemory="15713"
	LogicalProcessorsPerPhysical="2"
	ProcessorClockFrequency="3301.000000"
	>
	<Testing>
		<StartDateTime>Jul 05 20:20 India Standard Time</StartDateTime>
		<StartTestTime>1783263027</StartTestTime>
		<TestList/>
		<EndDateTime>Jul 05 20:20 India Standard Time</EndDateTime>
		<EndTestTime>1783263027</EndTestTime>
		<ElapsedMinutes>0</ElapsedMinutes>
	</Testing>
</Site>
